\BOOKMARK [1][-]{section.1}{\376\377\000I\000n\000t\000r\000o\000d\000u\000c\000t\000i\000o\000n}{}% 1
\BOOKMARK [1][-]{section.2}{\376\377\000I\000n\000s\000t\000a\000l\000l\000\040\000U\000b\000u\000n\000t\000u}{}% 2
\BOOKMARK [2][-]{subsection.2.1}{\376\377\000I\000n\000s\000t\000a\000l\000l\000\040\000U\000b\000u\000n\000t\000u\000\040\0002\0002\000.\0000\0004\000\040\000i\000n\000\040\000a\000\040\000V\000M\000\040\000o\000n\000\040\000W\000i\000n\000d\000o\000w\000s}{section.2}% 3
\BOOKMARK [2][-]{subsection.2.2}{\376\377\000I\000n\000s\000t\000a\000l\000l\000\040\000U\000b\000u\000n\000t\000u\000\040\0002\0002\000.\0000\0004\000\040\000w\000i\000t\000h\000\040\000D\000u\000a\000l\000\040\000B\000o\000o\000t}{section.2}% 4
\BOOKMARK [1][-]{section.3}{\376\377\000R\000O\000S\0002\000\040\000B\000a\000s\000i\000c\000s}{}% 5
\BOOKMARK [2][-]{subsection.3.1}{\376\377\000S\000e\000t\000t\000i\000n\000g\000\040\000u\000p\000\040\000R\000O\000S\0002}{section.3}% 6
\BOOKMARK [2][-]{subsection.3.2}{\376\377\000R\000O\000S\0002\000\040\000C\000o\000m\000m\000u\000n\000i\000c\000a\000t\000i\000o\000n}{section.3}% 7
\BOOKMARK [3][-]{subsubsection.3.2.1}{\376\377\000W\000h\000a\000t\000\040\000i\000s\000\040\000a\000\040\000N\000o\000d\000e}{subsection.3.2}% 8
\BOOKMARK [3][-]{subsubsection.3.2.2}{\376\377\000T\000o\000p\000i\000c\000s}{subsection.3.2}% 9
\BOOKMARK [3][-]{subsubsection.3.2.3}{\376\377\000P\000u\000b\000l\000i\000s\000h\000\040\000a\000\040\000M\000e\000s\000s\000a\000g\000e}{subsection.3.2}% 10
\BOOKMARK [2][-]{subsection.3.3}{\376\377\000S\000e\000t\000u\000p\000\040\000R\000O\000S\0002\000\040\000W\000o\000r\000k\000s\000p\000a\000c\000e}{section.3}% 11
\BOOKMARK [2][-]{subsection.3.4}{\376\377\000C\000r\000e\000a\000t\000i\000n\000g\000\040\000a\000\040\000P\000a\000c\000k\000a\000g\000e}{section.3}% 12
\BOOKMARK [2][-]{subsection.3.5}{\376\377\000C\000r\000e\000a\000t\000i\000n\000g\000\040\000o\000u\000r\000\040\000f\000i\000r\000s\000t\000\040\000N\000o\000d\000e\000s}{section.3}% 13
\BOOKMARK [3][-]{subsubsection.3.5.1}{\376\377\000S\000t\000r\000u\000c\000t\000u\000r\000e\000\040\000o\000f\000\040\000a\000\040\000P\000u\000b\000l\000i\000s\000h\000e\000r\000\040\000N\000o\000d\000e\000\040\000i\000n\000\040\000P\000y\000t\000h\000o\000n}{subsection.3.5}% 14
\BOOKMARK [3][-]{subsubsection.3.5.2}{\376\377\000S\000t\000r\000u\000c\000t\000u\000r\000e\000\040\000o\000f\000\040\000a\000\040\000S\000u\000b\000s\000c\000r\000i\000b\000e\000r\000\040\000i\000n\000\040\000P\000y\000t\000h\000o\000n}{subsection.3.5}% 15
\BOOKMARK [3][-]{subsubsection.3.5.3}{\376\377\000R\000a\000n\000d\000o\000m\000\040\000n\000u\000m\000b\000e\000r\000\040\000P\000u\000b\000l\000i\000s\000h\000e\000r\000\040\000S\000c\000r\000i\000p\000t}{subsection.3.5}% 16
\BOOKMARK [3][-]{subsubsection.3.5.4}{\376\377\000R\000a\000n\000d\000o\000m\000\040\000n\000u\000m\000b\000e\000r\000\040\000S\000u\000b\000s\000c\000r\000i\000b\000e\000r\000\040\000S\000c\000r\000i\000p\000t}{subsection.3.5}% 17
\BOOKMARK [2][-]{subsection.3.6}{\376\377\000W\000o\000r\000k\000i\000n\000g\000\040\000w\000i\000t\000h\000\040\000S\000e\000r\000v\000i\000c\000e\000s}{section.3}% 18
\BOOKMARK [3][-]{subsubsection.3.6.1}{\376\377\000U\000n\000d\000e\000r\000s\000t\000a\000n\000d\000i\000n\000g\000\040\000S\000e\000r\000v\000i\000c\000e\000s\000\040}{subsection.3.6}% 19
\BOOKMARK [3][-]{subsubsection.3.6.2}{\376\377\000W\000r\000i\000t\000i\000n\000g\000\040\000a\000\040\000S\000e\000r\000v\000i\000c\000e\000\040\000S\000e\000r\000v\000e\000r\000\040\000a\000n\000d\000\040\000C\000l\000i\000e\000n\000t}{subsection.3.6}% 20
\BOOKMARK [3][-]{subsubsection.3.6.3}{\376\377\000C\000r\000e\000a\000t\000i\000n\000g\000\040\000S\000e\000r\000v\000i\000c\000e\000\040\000S\000e\000r\000v\000e\000r\000\040\000a\000n\000d\000\040\000C\000l\000i\000e\000n\000t}{subsection.3.6}% 21
\BOOKMARK [2][-]{subsection.3.7}{\376\377\000W\000o\000r\000k\000i\000n\000g\000\040\000w\000i\000t\000h\000\040\000P\000a\000r\000a\000m\000e\000t\000e\000r\000s}{section.3}% 22
\BOOKMARK [3][-]{subsubsection.3.7.1}{\376\377\000P\000a\000r\000a\000m\000s\000\040\000i\000n\000\040\000T\000u\000r\000t\000l\000e\000s\000i\000m}{subsection.3.7}% 23
\BOOKMARK [3][-]{subsubsection.3.7.2}{\376\377\000U\000s\000i\000n\000g\000\040\000P\000a\000r\000a\000m\000e\000t\000e\000r\000s\000\040\000i\000n\000\040\000a\000\040\000C\000l\000a\000s\000s}{subsection.3.7}% 24
\BOOKMARK [2][-]{subsection.3.8}{\376\377\000W\000o\000r\000k\000i\000n\000g\000\040\000w\000i\000t\000h\000\040\000A\000c\000t\000i\000o\000n\000s}{section.3}% 25
\BOOKMARK [2][-]{subsection.3.9}{\376\377\000U\000s\000i\000n\000g\000\040\000L\000a\000u\000n\000c\000h\000\040\000F\000i\000l\000e\000s}{section.3}% 26
\BOOKMARK [1][-]{section.4}{\376\377\000O\000w\000l\000\040\000K\000i\000t\000\040\000P\000r\000o\000j\000e\000c\000t\000s}{}% 27
\BOOKMARK [2][-]{subsection.4.1}{\376\377\000A\000b\000o\000u\000t\000\040\000t\000h\000e\000\040\000O\000w\000l\000\040\000K\000i\000t}{section.4}% 28
\BOOKMARK [2][-]{subsection.4.2}{\376\377\000O\000l\000i\000v\000e\000\040\000D\000o\000c\000s}{section.4}% 29
\BOOKMARK [2][-]{subsection.4.3}{\376\377\000I\000M\000U}{section.4}% 30
\BOOKMARK [3][-]{subsubsection.4.3.1}{\376\377\000W\000h\000a\000t\000\040\000i\000s\000\040\000a\000n\000\040\000I\000M\000U}{subsection.4.3}% 31
\BOOKMARK [3][-]{subsubsection.4.3.2}{\376\377\000P\000r\000o\000j\000e\000c\000t\000:\000\040\000I\000M\000U\000\040\000c\000o\000n\000t\000r\000o\000l\000s\000\040\000T\000u\000r\000t\000l\000e}{subsection.4.3}% 32
\BOOKMARK [2][-]{subsection.4.4}{\376\377\000O\000l\000i\000v\000e\000\040\000S\000e\000r\000v\000o}{section.4}% 33
\BOOKMARK [3][-]{subsubsection.4.4.1}{\376\377\000U\000s\000e\000\040\0002\000\040\000S\000e\000r\000v\000o\000s}{subsection.4.4}% 34
\BOOKMARK [2][-]{subsection.4.5}{\376\377\000O\000l\000i\000v\000e\000\040\000C\000a\000m\000e\000r\000a}{section.4}% 35
\BOOKMARK [2][-]{subsection.4.6}{\376\377\000U\000s\000e\000\040\000O\000b\000j\000e\000c\000t\000\040\000T\000r\000a\000c\000k\000i\000n\000g}{section.4}% 36
\BOOKMARK [2][-]{subsection.4.7}{\376\377\000U\000s\000e\000\040\000G\000e\000s\000t\000u\000r\000e\000\040\000C\000o\000n\000t\000r\000o\000l}{section.4}% 37
\BOOKMARK [1][-]{section.5}{\376\377\000A\000p\000p\000e\000n\000d\000i\000x}{}% 38
\BOOKMARK [2][-]{subsection.5.1}{\376\377\000R\000O\000S\0002\000\040\000C\000o\000m\000m\000a\000n\000d\000s}{section.5}% 39
\BOOKMARK [2][-]{subsection.5.2}{\376\377\000L\000i\000n\000u\000x\000\040\000C\000o\000m\000m\000a\000n\000d\000s}{section.5}% 40
\BOOKMARK [2][-]{subsection.5.3}{\376\377\000C\000o\000d\000e\000\040\000P\000I\000D\000\040\000t\000e\000s\000t\000i\000n\000g}{section.5}% 41
